TN:
SF:/mnt/c/Users/theoy/Documents/Projets/c++/PolyMedia-Manager/include/entities/Book.hpp
FN:7,7,_ZN4BookD0Ev
FN:7,7,_ZN4BookD2Ev
FNDA:0,_ZN4BookD0Ev
FNDA:0,_ZN4BookD2Ev
FNF:2
FNH:0
DA:7,0
LF:1
LH:0
end_of_record
TN:
SF:/mnt/c/Users/theoy/Documents/Projets/c++/PolyMedia-Manager/include/entities/Dvd.hpp
FN:7,7,_ZN3DvdD0Ev
FN:7,7,_ZN3DvdD2Ev
FNDA:0,_ZN3DvdD0Ev
FNDA:0,_ZN3DvdD2Ev
FNF:2
FNH:0
DA:7,0
LF:1
LH:0
end_of_record
TN:
SF:/mnt/c/Users/theoy/Documents/Projets/c++/PolyMedia-Manager/include/entities/Magazines.hpp
FN:8,8,_ZN9MagazinesD0Ev
FN:8,8,_ZN9MagazinesD2Ev
FNDA:0,_ZN9MagazinesD0Ev
FNDA:0,_ZN9MagazinesD2Ev
FNF:2
FNH:0
DA:8,0
LF:1
LH:0
end_of_record
TN:
SF:/mnt/c/Users/theoy/Documents/Projets/c++/PolyMedia-Manager/include/interfaces/IMedia.hpp
FN:7,7,_ZN6IMediaD0Ev
FN:7,7,_ZN6IMediaD2Ev
FNDA:0,_ZN6IMediaD0Ev
FNDA:0,_ZN6IMediaD2Ev
FNF:2
FNH:0
DA:7,0
LF:1
LH:0
end_of_record
TN:
SF:/mnt/c/Users/theoy/Documents/Projets/c++/PolyMedia-Manager/src/entities/Book.cpp
FN:10,12,_ZNK4Book8getGenreEv
FN:14,16,_ZNK4Book8getPriceEv
FN:3,4,_ZN4BookC2ERKNSt7__cxx1112basic_stringIcSt11char_traitsIcESaIcEEE5Genref
FN:6,8,_ZNK4Book8getTitleB5cxx11Ev
FNDA:2,_ZNK4Book8getGenreEv
FNDA:1,_ZNK4Book8getPriceEv
FNDA:2,_ZN4BookC2ERKNSt7__cxx1112basic_stringIcSt11char_traitsIcESaIcEEE5Genref
FNDA:2,_ZNK4Book8getTitleB5cxx11Ev
FNF:4
FNH:4
DA:3,2
DA:4,2
DA:6,2
DA:7,2
DA:10,2
DA:11,2
DA:14,1
DA:15,1
LF:8
LH:8
end_of_record
TN:
SF:/mnt/c/Users/theoy/Documents/Projets/c++/PolyMedia-Manager/src/entities/Dvd.cpp
FN:10,12,_ZNK3Dvd8getGenreEv
FN:14,16,_ZNK3Dvd8getPriceEv
FN:3,4,_ZN3DvdC2ERKNSt7__cxx1112basic_stringIcSt11char_traitsIcESaIcEEE5Genref
FN:6,8,_ZNK3Dvd8getTitleB5cxx11Ev
FNDA:2,_ZNK3Dvd8getGenreEv
FNDA:2,_ZNK3Dvd8getPriceEv
FNDA:2,_ZN3DvdC2ERKNSt7__cxx1112basic_stringIcSt11char_traitsIcESaIcEEE5Genref
FNDA:2,_ZNK3Dvd8getTitleB5cxx11Ev
FNF:4
FNH:4
DA:3,2
DA:4,2
DA:6,2
DA:7,2
DA:10,2
DA:11,2
DA:14,2
DA:15,2
LF:8
LH:8
end_of_record
TN:
SF:/mnt/c/Users/theoy/Documents/Projets/c++/PolyMedia-Manager/src/entities/Magazines.cpp
FN:10,12,_ZNK9Magazines8getGenreEv
FN:14,16,_ZNK9Magazines8getPriceEv
FN:3,4,_ZN9MagazinesC2ERKNSt7__cxx1112basic_stringIcSt11char_traitsIcESaIcEEE5Genref
FN:6,8,_ZNK9Magazines8getTitleB5cxx11Ev
FNDA:2,_ZNK9Magazines8getGenreEv
FNDA:2,_ZNK9Magazines8getPriceEv
FNDA:2,_ZN9MagazinesC2ERKNSt7__cxx1112basic_stringIcSt11char_traitsIcESaIcEEE5Genref
FNDA:2,_ZNK9Magazines8getTitleB5cxx11Ev
FNF:4
FNH:4
DA:3,2
DA:4,2
DA:6,2
DA:7,2
DA:10,2
DA:11,2
DA:14,2
DA:15,2
LF:8
LH:8
end_of_record
